[2025/03/31 12:35:37]: §9          __             _       
[2025/03/31 12:35:37]: §9  _ __   / /  ___   __ _(_)_ __  
[2025/03/31 12:35:37]: §9 | '_ \ / /  / _ \ / _` | | '_ \ 
[2025/03/31 12:35:37]: §9 | | | / /__| (_) | (_| | | | | |
[2025/03/31 12:35:37]: §9 |_| |_\____/\___/ \__, |_|_| |_|
[2025/03/31 12:35:37]: §9                  |___/            
[2025/03/31 12:35:37]: §9 By: www.nickuc.com - V 10.4.21
[2025/03/31 12:35:37]: §9 
[2025/03/31 12:35:37]: §3[nLogin] [DEBUG] All settings were loaded in 142 ms.
[2025/03/31 12:35:37]: §3[nLogin] [DEBUG] Loading the messages_en.yml message file...
[2025/03/31 12:35:37]: §3[nLogin] [DEBUG] All plugin messages were loaded in 81 ms (languageByClient=false).
[2025/03/31 12:35:37]: §3[nLogin] [DEBUG] All proxy settings were loaded in 2 ms.
[2025/03/31 12:35:37]: §3[nLogin] [DEBUG] Loading database...
[2025/03/31 12:35:38]: §3[nLogin] [DEBUG] Starting logger filter...
[2025/03/31 12:36:23]: 
[2025/03/31 12:36:23]:  §bThank you so much for choosing nLogin! §4<3
[2025/03/31 12:36:23]: 
[2025/03/31 12:36:23]:  §4For your safety, please read the message below:
[2025/03/31 12:36:23]:   §cNever download nLogin from unknown sources.
[2025/03/31 12:36:23]:   §cA modified version may contain malicious software.
[2025/03/31 12:36:23]: 
[2025/03/31 12:36:23]:  §3Trusted sources:
[2025/03/31 12:36:23]:   §bwww.nickuc.com
[2025/03/31 12:36:23]:   §bwww.github.com/nickuc
[2025/03/31 12:36:23]:   §bOpeNLogin installer (from Spigot or GitHub)
[2025/03/31 12:36:23]: 
[2025/03/31 12:36:23]:  §3Official support channels:
[2025/03/31 12:36:23]:   §bDiscord group: §fwww.nickuc.com/discord
[2025/03/31 12:36:23]:   §bDocumentation: §fdocs.nickuc.com/nlogin/
[2025/03/31 12:36:23]:   §bEmail: §fsupport@nickuc.com
[2025/03/31 12:36:23]:   §bYouTube: §fyoutube.com/nickuc
[2025/03/31 12:36:23]: 
[2025/03/31 12:36:23]:  §eTo remove this warning, log in with "nlogin.admin" permission on the server
[2025/03/31 12:36:23]:  §eand click the "Setup plugin" button to configure your plugin.
[2025/03/31 12:36:23]: 
[2025/03/31 12:36:31]: §4[nLogin] [ERROR] §cUnable to verify that the player is an NPC. Most likely this is a Citizens error.
java.lang.NoClassDefFoundError: net/citizensnpcs/api/CitizensAPI
	at com.nickuc.login.ΠρβυουξΣφετχε.b(:23)
	at com.nickuc.login.ΩιιφΔβχυ.c(:125)
	at com.nickuc.login.ηεΨχΩνμψφ.a(:60)
	at com.destroystokyo.paper.event.executor.asm.generated.GeneratedEventExecutor69.execute(Unknown Source)
	at org.bukkit.plugin.EventExecutor$2.execute(EventExecutor.java:77)
	at co.aikar.timings.TimedEventExecutor.execute(TimedEventExecutor.java:80)
	at org.bukkit.plugin.RegisteredListener.callEvent(RegisteredListener.java:70)
	at io.papermc.paper.plugin.manager.PaperEventManager.callEvent(PaperEventManager.java:54)
	at io.papermc.paper.plugin.manager.PaperPluginManagerImpl.callEvent(PaperPluginManagerImpl.java:131)
	at org.bukkit.plugin.SimplePluginManager.callEvent(SimplePluginManager.java:628)
	at net.minecraft.server.players.PlayerList.canPlayerLogin(PlayerList.java:754)
	at net.minecraft.server.network.ServerLoginPacketListenerImpl.verifyLoginAndFinishConnectionSetup(ServerLoginPacketListenerImpl.java:231)
	at net.minecraft.server.network.ServerLoginPacketListenerImpl.tick(ServerLoginPacketListenerImpl.java:110)
	at net.minecraft.network.Connection.tick(Connection.java:638)
	at net.minecraft.server.network.ServerConnectionListener.tick(ServerConnectionListener.java:242)
	at net.minecraft.server.MinecraftServer.tickChildren(MinecraftServer.java:1823)
	at net.minecraft.server.dedicated.DedicatedServer.tickChildren(DedicatedServer.java:473)
	at net.minecraft.server.MinecraftServer.tickServer(MinecraftServer.java:1598)
	at net.minecraft.server.MinecraftServer.runServer(MinecraftServer.java:1304)
	at net.minecraft.server.MinecraftServer.lambda$spin$0(MinecraftServer.java:330)
	at java.base/java.lang.Thread.run(Thread.java:1583)
Caused by: java.lang.ClassNotFoundException: net.citizensnpcs.api.CitizensAPI
	at java.base/java.net.URLClassLoader.findClass(URLClassLoader.java:445)
	at nLogin.jar//com.nickuc.login.loader.MemClassLoader.findClass(MemClassLoader.java:56)
	at java.base/java.lang.ClassLoader.loadClass(ClassLoader.java:593)
	at java.base/java.lang.ClassLoader.loadClass(ClassLoader.java:526)
	... 21 more
[2025/03/31 12:36:56]: §3[nLogin] [DEBUG] [SQLite] [UPDATE]: "INSERT INTO `nlogin` (`last_name`, `unique_id`, `mojang_id`, `bedrock_id`, `password`, `last_ip`, `creation_date`, `last_seen`, `email`, `discord`, `settings`) VALUES ('Lightz_13', 6e2725a3aceb3b4181844beb7b55cc40, null, null, '$2a$10$ZoCa.elI2cjjYKeYIb/sRueQ.tQG1L6vZEWpGuLjPTOwz7a.di1G6', '127.236.84.40', '2025-03-31 12:36:56.234', '2025-03-31 12:36:56.234', null, null, '{"settings":[{"value":true,"key":"force-invalid-session"}],"version":0}')" (applied to all columns)
[2025/03/31 12:36:56]: [nLogin] The user Lightz_13 has successfully registered.
[2025/03/31 12:43:06]: §3[nLogin] [DEBUG] [SQLite] [UPDATE]: "UPDATE `nlogin` SET `last_name` = 'Lightz_13', `unique_id` = 6e2725a3aceb3b4181844beb7b55cc40,  `mojang_id` = null,  `bedrock_id` = null,  `password` = '$2a$10$ZoCa.elI2cjjYKeYIb/sRueQ.tQG1L6vZEWpGuLjPTOwz7a.di1G6', `last_ip` = '127.236.84.40', `creation_date` = 2025-03-31 12:36:56.234, `last_seen` = 2025-03-31 12:43:06.73, `email` = null, `discord` = null, `settings` = '{"settings":[{"value":true,"key":"force-invalid-session"},{"value":"en","key":"language"}],"version":0}' WHERE `ai` = 1" (applied to [last_seen, settings] columns)
[2025/03/31 12:43:50]: §3[nLogin] [DEBUG] [SQLite] [UPDATE]: "UPDATE `nlogin` SET `last_name` = 'Lightz_13', `unique_id` = 6e2725a3aceb3b4181844beb7b55cc40,  `mojang_id` = null,  `bedrock_id` = null,  `password` = '$2a$10$ZoCa.elI2cjjYKeYIb/sRueQ.tQG1L6vZEWpGuLjPTOwz7a.di1G6', `last_ip` = '127.236.84.40', `creation_date` = 2025-03-31 12:36:56.234, `last_seen` = 2025-03-31 12:43:50.578, `email` = null, `discord` = null, `settings` = '{"settings":[{"value":"en","key":"language"}],"version":0}' WHERE `ai` = 1" (applied to [last_ip, last_seen, settings] columns)
[2025/03/31 12:43:50]: [nLogin] The user Lightz_13 has successfully logged in.
[2025/03/31 12:45:45]: §3[nLogin] [DEBUG] [SQLite] [UPDATE]: "UPDATE `nlogin` SET `last_name` = 'Lightz_13', `unique_id` = 6e2725a3aceb3b4181844beb7b55cc40,  `mojang_id` = null,  `bedrock_id` = null,  `password` = '$2a$10$ZoCa.elI2cjjYKeYIb/sRueQ.tQG1L6vZEWpGuLjPTOwz7a.di1G6', `last_ip` = '127.236.84.40', `creation_date` = 2025-03-31 12:36:56.234, `last_seen` = 2025-03-31 12:45:45.559, `email` = null, `discord` = null, `settings` = '{"settings":[{"value":"en","key":"language"}],"version":0}' WHERE `ai` = 1" (applied to [last_seen, settings] columns)
[2025/03/31 12:46:31]: §3[nLogin] [DEBUG] [SQLite] [UPDATE]: "UPDATE `nlogin` SET `last_name` = 'Lightz_13', `unique_id` = 6e2725a3aceb3b4181844beb7b55cc40,  `mojang_id` = null,  `bedrock_id` = null,  `password` = '$2a$10$ZoCa.elI2cjjYKeYIb/sRueQ.tQG1L6vZEWpGuLjPTOwz7a.di1G6', `last_ip` = '127.236.84.40', `creation_date` = 2025-03-31 12:36:56.234, `last_seen` = 2025-03-31 12:46:31.231, `email` = null, `discord` = null, `settings` = '{"settings":[{"value":"en","key":"language"}],"version":0}' WHERE `ai` = 1" (applied to [last_ip, last_seen, settings] columns)
[2025/03/31 12:46:31]: [nLogin] The user Lightz_13 has successfully logged in.
[2025/03/31 12:47:08]: §3[nLogin] [DEBUG] [SQLite] [UPDATE]: "UPDATE `nlogin` SET `last_name` = 'Lightz_13', `unique_id` = 6e2725a3aceb3b4181844beb7b55cc40,  `mojang_id` = null,  `bedrock_id` = null,  `password` = '$2a$10$ZoCa.elI2cjjYKeYIb/sRueQ.tQG1L6vZEWpGuLjPTOwz7a.di1G6', `last_ip` = '127.236.84.40', `creation_date` = 2025-03-31 12:36:56.234, `last_seen` = 2025-03-31 12:47:08.408, `email` = null, `discord` = null, `settings` = '{"settings":[{"value":"en","key":"language"}],"version":0}' WHERE `ai` = 1" (applied to [last_seen, settings] columns)
[2025/03/31 12:47:08]: [nLogin] Successful plugin core shutdown (took 0.00s)
