[2025/03/31 12:32:20]: §9          __             _       
[2025/03/31 12:32:20]: §9  _ __   / /  ___   __ _(_)_ __  
[2025/03/31 12:32:20]: §9 | '_ \ / /  / _ \ / _` | | '_ \ 
[2025/03/31 12:32:20]: §9 | | | / /__| (_) | (_| | | | | |
[2025/03/31 12:32:20]: §9 |_| |_\____/\___/ \__, |_|_| |_|
[2025/03/31 12:32:20]: §9                  |___/            
[2025/03/31 12:32:20]: §9 By: www.nickuc.com - V 10.4.21
[2025/03/31 12:32:20]: §9 
[2025/03/31 12:32:20]: §3[nLogin] [DEBUG] The config.yml file was created successfully.
[2025/03/31 12:32:22]: §3[nLogin] [DEBUG] All settings were loaded in 2115 ms.
[2025/03/31 12:32:22]: §3[nLogin] [DEBUG] Loading the messages_en.yml message file...
[2025/03/31 12:32:22]: §3[nLogin] [DEBUG] All plugin messages were loaded in 58 ms (languageByClient=false).
[2025/03/31 12:32:22]: §3[nLogin] [DEBUG] All proxy settings were loaded in 2 ms.
[2025/03/31 12:32:22]: §3[nLogin] [DEBUG] Loading database...
[2025/03/31 12:32:23]: [nLogin] Generating RSA keypair... (this may take a while)
[2025/03/31 12:32:25]: [nLogin] The RSA key pair was successfully generated. Took 2.17s
[2025/03/31 12:32:25]: §3[nLogin] [DEBUG] Starting logger filter...
[2025/03/31 12:32:25]: [nLogin] Starting the OpeNLogin conversion...
[2025/03/31 12:32:25]: §e[nLogin] [WARN] Initializing the OpeNLogin conversion
[2025/03/31 12:32:25]: §e[nLogin] [WARN] Please do not shut down your server.
[2025/03/31 12:32:25]: [nLogin] OpeNLogin data has been successfully converted.
[2025/03/31 12:32:25]: [nLogin] No users have been converted ~ 0.08s
[2025/03/31 12:32:25]: [nLogin] Downloading ProtocolLib...
[2025/03/31 12:32:25]: [nLogin] *-----------------------------------------------*
[2025/03/31 12:32:25]: [nLogin]   ProtocolLib has been successfully downloaded.
[2025/03/31 12:32:25]: [nLogin]   Restarting server to apply changes...
[2025/03/31 12:32:25]: [nLogin] *-----------------------------------------------*
[2025/03/31 12:33:10]: [nLogin] Successful plugin core shutdown (took 0.00s)
