[2025/03/31 12:49:10]: §9          __             _       
[2025/03/31 12:49:10]: §9  _ __   / /  ___   __ _(_)_ __  
[2025/03/31 12:49:10]: §9 | '_ \ / /  / _ \ / _` | | '_ \ 
[2025/03/31 12:49:10]: §9 | | | / /__| (_) | (_| | | | | |
[2025/03/31 12:49:10]: §9 |_| |_\____/\___/ \__, |_|_| |_|
[2025/03/31 12:49:10]: §9                  |___/            
[2025/03/31 12:49:10]: §9 By: www.nickuc.com - V 10.4.21
[2025/03/31 12:49:10]: §9 
[2025/03/31 12:49:10]: §3[nLogin] [DEBUG] All settings were loaded in 172 ms.
[2025/03/31 12:49:10]: §3[nLogin] [DEBUG] Loading the messages_en.yml message file...
[2025/03/31 12:49:10]: §3[nLogin] [DEBUG] All plugin messages were loaded in 119 ms (languageByClient=false).
[2025/03/31 12:49:10]: §3[nLogin] [DEBUG] All proxy settings were loaded in 3 ms.
[2025/03/31 12:49:10]: §3[nLogin] [DEBUG] Loading database...
[2025/03/31 12:49:11]: §3[nLogin] [DEBUG] Starting logger filter...
[2025/03/31 12:50:20]: §4[nLogin] [ERROR] §cUnable to verify that the player is an NPC. Most likely this is a Citizens error.
java.lang.NoClassDefFoundError: net/citizensnpcs/api/CitizensAPI
	at com.nickuc.login.ΠρβυουξΣφετχε.b(:23)
	at com.nickuc.login.ΩιιφΔβχυ.c(:125)
	at com.nickuc.login.ηεΨχΩνμψφ.a(:60)
	at com.destroystokyo.paper.event.executor.asm.generated.GeneratedEventExecutor64.execute(Unknown Source)
	at org.bukkit.plugin.EventExecutor$2.execute(EventExecutor.java:77)
	at co.aikar.timings.TimedEventExecutor.execute(TimedEventExecutor.java:80)
	at org.bukkit.plugin.RegisteredListener.callEvent(RegisteredListener.java:70)
	at io.papermc.paper.plugin.manager.PaperEventManager.callEvent(PaperEventManager.java:54)
	at io.papermc.paper.plugin.manager.PaperPluginManagerImpl.callEvent(PaperPluginManagerImpl.java:131)
	at org.bukkit.plugin.SimplePluginManager.callEvent(SimplePluginManager.java:628)
	at net.minecraft.server.players.PlayerList.canPlayerLogin(PlayerList.java:754)
	at net.minecraft.server.network.ServerLoginPacketListenerImpl.verifyLoginAndFinishConnectionSetup(ServerLoginPacketListenerImpl.java:231)
	at net.minecraft.server.network.ServerLoginPacketListenerImpl.tick(ServerLoginPacketListenerImpl.java:110)
	at net.minecraft.network.Connection.tick(Connection.java:638)
	at net.minecraft.server.network.ServerConnectionListener.tick(ServerConnectionListener.java:242)
	at net.minecraft.server.MinecraftServer.tickChildren(MinecraftServer.java:1823)
	at net.minecraft.server.dedicated.DedicatedServer.tickChildren(DedicatedServer.java:473)
	at net.minecraft.server.MinecraftServer.tickServer(MinecraftServer.java:1598)
	at net.minecraft.server.MinecraftServer.runServer(MinecraftServer.java:1304)
	at net.minecraft.server.MinecraftServer.lambda$spin$0(MinecraftServer.java:330)
	at java.base/java.lang.Thread.run(Thread.java:1583)
Caused by: java.lang.ClassNotFoundException: net.citizensnpcs.api.CitizensAPI
	at java.base/java.net.URLClassLoader.findClass(URLClassLoader.java:445)
	at nLogin.jar//com.nickuc.login.loader.MemClassLoader.findClass(MemClassLoader.java:56)
	at java.base/java.lang.ClassLoader.loadClass(ClassLoader.java:593)
	at java.base/java.lang.ClassLoader.loadClass(ClassLoader.java:526)
	... 21 more
[2025/03/31 12:50:30]: §3[nLogin] [DEBUG] [SQLite] [UPDATE]: "UPDATE `nlogin` SET `last_name` = 'Lightz_13', `unique_id` = 6e2725a3aceb3b4181844beb7b55cc40,  `mojang_id` = null,  `bedrock_id` = null,  `password` = '$2a$10$ZoCa.elI2cjjYKeYIb/sRueQ.tQG1L6vZEWpGuLjPTOwz7a.di1G6', `last_ip` = '127.236.84.40', `creation_date` = 2025-03-31 12:36:56.234, `last_seen` = 2025-03-31 12:50:30.963, `email` = null, `discord` = null, `settings` = '{"settings":[{"value":"en","key":"language"}],"version":0}' WHERE `ai` = 1" (applied to [last_ip, last_seen, settings] columns)
[2025/03/31 12:50:31]: [nLogin] The user Lightz_13 has successfully logged in.
[2025/03/31 12:59:06]: §3[nLogin] [DEBUG] [SQLite] [UPDATE]: "UPDATE `nlogin` SET `last_name` = 'Lightz_13', `unique_id` = 6e2725a3aceb3b4181844beb7b55cc40,  `mojang_id` = null,  `bedrock_id` = null,  `password` = '$2a$10$ZoCa.elI2cjjYKeYIb/sRueQ.tQG1L6vZEWpGuLjPTOwz7a.di1G6', `last_ip` = '127.236.84.40', `creation_date` = 2025-03-31 12:36:56.234, `last_seen` = 2025-03-31 12:59:06.231, `email` = null, `discord` = null, `settings` = '{"settings":[{"value":"en","key":"language"}],"version":0}' WHERE `ai` = 1" (applied to [last_seen, settings] columns)
[2025/03/31 13:02:23]: §3[nLogin] [DEBUG] [SQLite] [UPDATE]: "INSERT INTO `nlogin` (`last_name`, `unique_id`, `mojang_id`, `bedrock_id`, `password`, `last_ip`, `creation_date`, `last_seen`, `email`, `discord`, `settings`) VALUES ('zbiel_', 4c6c51d337733f18b36fc4034024d260, null, null, '$2a$10$kG5qUfqMspaaFEUH9p0fhOBcIi6hECjrWoCu1Is1TC4mXrviqDAda', '127.70.53.115', '2025-03-31 13:02:23.566', '2025-03-31 13:02:23.566', null, null, '{"settings":[{"value":true,"key":"force-invalid-session"}],"version":0}')" (applied to all columns)
[2025/03/31 13:02:23]: [nLogin] The user zbiel_ has successfully registered.
[2025/03/31 13:03:14]: §3[nLogin] [DEBUG] [SQLite] [UPDATE]: "UPDATE `nlogin` SET `last_name` = 'Lightz_13', `unique_id` = 6e2725a3aceb3b4181844beb7b55cc40,  `mojang_id` = null,  `bedrock_id` = null,  `password` = '$2a$10$ZoCa.elI2cjjYKeYIb/sRueQ.tQG1L6vZEWpGuLjPTOwz7a.di1G6', `last_ip` = '127.236.84.40', `creation_date` = 2025-03-31 12:36:56.234, `last_seen` = 2025-03-31 13:03:14.109, `email` = null, `discord` = null, `settings` = '{"settings":[{"value":"en","key":"language"}],"version":0}' WHERE `ai` = 1" (applied to [last_ip, last_seen, settings] columns)
[2025/03/31 13:03:14]: [nLogin] The user Lightz_13 has successfully logged in.
[2025/03/31 13:03:15]: §3[nLogin] [DEBUG] [SQLite] [UPDATE]: "UPDATE `nlogin` SET `last_name` = 'zbiel_', `unique_id` = 4c6c51d337733f18b36fc4034024d260,  `mojang_id` = null,  `bedrock_id` = null,  `password` = '$2a$10$kG5qUfqMspaaFEUH9p0fhOBcIi6hECjrWoCu1Is1TC4mXrviqDAda', `last_ip` = '127.70.53.115', `creation_date` = 2025-03-31 13:02:23.566, `last_seen` = 2025-03-31 13:03:15.721, `email` = null, `discord` = null, `settings` = '{"settings":[{"value":true,"key":"force-invalid-session"},{"value":"en","key":"language"}],"version":0}' WHERE `ai` = 2" (applied to [last_seen, settings] columns)
[2025/03/31 13:05:28]: §3[nLogin] [DEBUG] [SQLite] [UPDATE]: "UPDATE `nlogin` SET `last_name` = 'zbiel_', `unique_id` = 4c6c51d337733f18b36fc4034024d260,  `mojang_id` = null,  `bedrock_id` = null,  `password` = '$2a$10$kG5qUfqMspaaFEUH9p0fhOBcIi6hECjrWoCu1Is1TC4mXrviqDAda', `last_ip` = '127.70.53.115', `creation_date` = 2025-03-31 13:02:23.566, `last_seen` = 2025-03-31 13:05:28.371, `email` = null, `discord` = null, `settings` = '{"settings":[{"value":"en","key":"language"}],"version":0}' WHERE `ai` = 2" (applied to [last_ip, last_seen, settings] columns)
[2025/03/31 13:05:28]: [nLogin] The user zbiel_ has successfully logged in.
[2025/03/31 13:19:29]: §3[nLogin] [DEBUG] [SQLite] [UPDATE]: "UPDATE `nlogin` SET `last_name` = 'zbiel_', `unique_id` = 4c6c51d337733f18b36fc4034024d260,  `mojang_id` = null,  `bedrock_id` = null,  `password` = '$2a$10$kG5qUfqMspaaFEUH9p0fhOBcIi6hECjrWoCu1Is1TC4mXrviqDAda', `last_ip` = '127.70.53.115', `creation_date` = 2025-03-31 13:02:23.566, `last_seen` = 2025-03-31 13:19:29.571, `email` = null, `discord` = null, `settings` = '{"settings":[{"value":"en","key":"language"}],"version":0}' WHERE `ai` = 2" (applied to [last_seen, settings] columns)
[2025/03/31 13:20:10]: [nLogin] Successful plugin core shutdown (took 0.00s)
