[01:03:56] [ServerMain/INFO]: [bootstrap] Running Java 21 (OpenJDK 64-Bit Server VM 21.0.6+7-Ubuntu-120.04.1; Ubuntu null) on Linux 6.8.0-1021-azure (amd64)
[01:03:56] [ServerMain/INFO]: [bootstrap] Loading Paper 1.21.1-57-master@b483da4 (2024-09-01T18:09:05Z) for Minecraft 1.21.1
[01:03:56] [ServerMain/INFO]: [PluginInitializerManager] Initializing plugins...
[01:03:56] [ServerMain/INFO]: [PluginInitializerManager] Initialized 0 plugins
[01:04:00] [ServerMain/INFO]: Environment: Environment[sessionHost=https://sessionserver.mojang.com, servicesHost=https://api.minecraftservices.com, name=PROD]
[01:04:02] [ServerMain/INFO]: Loaded 1290 recipes
[01:04:02] [ServerMain/INFO]: Loaded 1399 advancements
[01:04:02] [Server thread/INFO]: Starting minecraft server version 1.21.1
[01:04:02] [Server thread/INFO]: Loading properties
[01:04:02] [Server thread/INFO]: This server is running Paper version 1.21.1-57-master@b483da4 (2024-09-01T18:09:05Z) (Implementing API version 1.21.1-R0.1-SNAPSHOT)
[01:04:03] [Server thread/INFO]: [spark] This server bundles the spark profiler. For more information please visit https://docs.papermc.io/paper/profiling
[01:04:03] [Server thread/INFO]: Server Ping Player Sample Count: 12
[01:04:03] [Server thread/INFO]: Using 4 threads for Netty based IO
[01:04:04] [Server thread/INFO]: [ChunkTaskScheduler] Chunk system is using 1 I/O threads, 1 worker threads, and population gen parallelism of 1 threads
[01:04:04] [Server thread/INFO]: Default game type: SURVIVAL
[01:04:04] [Server thread/INFO]: Generating keypair
[01:04:04] [Server thread/INFO]: Starting Minecraft server on *:25565
[01:04:04] [Server thread/INFO]: Using epoll channel type
[01:04:04] [Server thread/INFO]: Paper: Using libdeflate (Linux x86_64) compression from Velocity.
[01:04:04] [Server thread/INFO]: Paper: Using OpenSSL 1.1.x (Linux x86_64) cipher from Velocity.
[01:04:04] [Server thread/INFO]: Server permissions file permissions.yml is empty, ignoring it
[01:04:04] [Server thread/WARN]: **** SERVER IS RUNNING IN OFFLINE/INSECURE MODE!
[01:04:04] [Server thread/WARN]: The server will make no attempt to authenticate usernames. Beware.
[01:04:04] [Server thread/WARN]: While this makes the game possible to play without internet access, it also opens up the ability for hackers to connect with any username they choose.
[01:04:04] [Server thread/WARN]: To change this, set "online-mode" to "true" in the server.properties file.
[01:04:04] [Server thread/INFO]: Preparing level "world"
[01:04:05] [Server thread/INFO]: Preparing start region for dimension minecraft:overworld
[01:04:07] [Server thread/INFO]: Time elapsed: 2105 ms
[01:04:07] [Server thread/INFO]: Preparing start region for dimension minecraft:the_nether
[01:04:07] [Server thread/INFO]: Time elapsed: 207 ms
[01:04:07] [Server thread/INFO]: Preparing start region for dimension minecraft:the_end
[01:04:07] [Server thread/INFO]: Time elapsed: 142 ms
[01:04:07] [Server thread/INFO]: [spark] Starting background profiler...
[01:04:07] [Server thread/INFO]: Done preparing level "world" (3.171s)
[01:04:07] [Server thread/INFO]: Running delayed init tasks
[01:04:07] [Server thread/INFO]: Done (12.605s)! For help, type "help"
[01:04:07] [Server thread/INFO]: Timings Reset
